2020-08-30 19:55:21,849 [INFO ] main org.pytorch.serve.ModelServer - 
Torchserve version: 0.2.1
TS Home: /Users/mrksinant/Documents/miniconda3/envs/Severstal/lib/python3.8/site-packages
Current directory: /Users/mrksinant/Documents/GitHub/Severstal-Steel-Defect-Detection/torchserve
Temp directory: /var/folders/8h/680yj1q931df8rc_jtqrzfzh0000gn/T/
Number of GPUs: 0
Number of CPUs: 4
Max heap size: 1024 M
Python executable: /Users/mrksinant/Documents/miniconda3/envs/Severstal/bin/python
Config file: N/A
Inference address: http://127.0.0.1:8080
Management address: http://127.0.0.1:8081
Metrics address: http://127.0.0.1:8082
Model Store: /Users/mrksinant/Documents/GitHub/Severstal-Steel-Defect-Detection/torchserve/model_store
Initial Models: severstal_detectron2.mar
Log dir: /Users/mrksinant/Documents/GitHub/Severstal-Steel-Defect-Detection/torchserve/logs
Metrics dir: /Users/mrksinant/Documents/GitHub/Severstal-Steel-Defect-Detection/torchserve/logs
Netty threads: 0
Netty client threads: 0
Default workers per model: 4
Blacklist Regex: N/A
Maximum Response Size: 6553500
Maximum Request Size: 6553500
Prefer direct buffer: false
Custom python dependency for model allowed: false
Metrics report format: prometheus
Enable metrics API: true
2020-08-30 19:55:22,188 [INFO ] main org.pytorch.serve.ModelServer - Loading initial models: severstal_detectron2.mar
2020-08-30 19:55:47,596 [INFO ] main org.pytorch.serve.archive.ModelArchive - eTag 2238ca0c63564ee59431943aa4e3129a
2020-08-30 19:55:48,123 [DEBUG] main org.pytorch.serve.wlm.ModelVersionedRefs - Adding new version 1.0 for model severstal_detectron2
2020-08-30 19:55:48,123 [DEBUG] main org.pytorch.serve.wlm.ModelVersionedRefs - Setting default version to 1.0 for model severstal_detectron2
2020-08-30 19:55:48,123 [INFO ] main org.pytorch.serve.wlm.ModelManager - Model severstal_detectron2 loaded.
2020-08-30 19:55:48,124 [DEBUG] main org.pytorch.serve.wlm.ModelManager - updateModel: severstal_detectron2, count: 4
2020-08-30 19:55:48,366 [INFO ] main org.pytorch.serve.ModelServer - Initialize Inference server with: KQueueServerSocketChannel.
2020-08-30 19:55:49,484 [INFO ] main org.pytorch.serve.ModelServer - Inference API bind to: http://127.0.0.1:8080
2020-08-30 19:55:49,484 [INFO ] main org.pytorch.serve.ModelServer - Initialize Management server with: KQueueServerSocketChannel.
2020-08-30 19:55:49,486 [INFO ] main org.pytorch.serve.ModelServer - Management API bind to: http://127.0.0.1:8081
2020-08-30 19:55:49,486 [INFO ] main org.pytorch.serve.ModelServer - Initialize Metrics server with: KQueueServerSocketChannel.
2020-08-30 19:55:49,487 [INFO ] main org.pytorch.serve.ModelServer - Metrics API bind to: http://127.0.0.1:8082
2020-08-30 19:55:49,547 [WARN ] pool-2-thread-1 org.pytorch.serve.metrics.MetricCollector - worker pid is not available yet.
2020-08-30 19:55:49,859 [INFO ] W-9002-severstal_detectron2_1.0-stdout org.pytorch.serve.wlm.WorkerLifeCycle - Listening on port: /var/folders/8h/680yj1q931df8rc_jtqrzfzh0000gn/T//.ts.sock.9002
2020-08-30 19:55:49,859 [INFO ] W-9001-severstal_detectron2_1.0-stdout org.pytorch.serve.wlm.WorkerLifeCycle - Listening on port: /var/folders/8h/680yj1q931df8rc_jtqrzfzh0000gn/T//.ts.sock.9001
2020-08-30 19:55:49,859 [INFO ] W-9000-severstal_detectron2_1.0-stdout org.pytorch.serve.wlm.WorkerLifeCycle - Listening on port: /var/folders/8h/680yj1q931df8rc_jtqrzfzh0000gn/T//.ts.sock.9000
2020-08-30 19:55:49,859 [INFO ] W-9003-severstal_detectron2_1.0-stdout org.pytorch.serve.wlm.WorkerLifeCycle - Listening on port: /var/folders/8h/680yj1q931df8rc_jtqrzfzh0000gn/T//.ts.sock.9003
2020-08-30 19:55:49,860 [INFO ] W-9001-severstal_detectron2_1.0-stdout org.pytorch.serve.wlm.WorkerLifeCycle - [PID]4377
2020-08-30 19:55:49,860 [INFO ] W-9003-severstal_detectron2_1.0-stdout org.pytorch.serve.wlm.WorkerLifeCycle - [PID]4378
2020-08-30 19:55:49,860 [INFO ] W-9001-severstal_detectron2_1.0-stdout org.pytorch.serve.wlm.WorkerLifeCycle - Torch worker started.
2020-08-30 19:55:49,861 [INFO ] W-9001-severstal_detectron2_1.0-stdout org.pytorch.serve.wlm.WorkerLifeCycle - Python runtime: 3.8.5
2020-08-30 19:55:49,860 [INFO ] W-9000-severstal_detectron2_1.0-stdout org.pytorch.serve.wlm.WorkerLifeCycle - [PID]4375
2020-08-30 19:55:49,860 [INFO ] W-9003-severstal_detectron2_1.0-stdout org.pytorch.serve.wlm.WorkerLifeCycle - Torch worker started.
2020-08-30 19:55:49,861 [INFO ] W-9000-severstal_detectron2_1.0-stdout org.pytorch.serve.wlm.WorkerLifeCycle - Torch worker started.
2020-08-30 19:55:49,861 [INFO ] W-9003-severstal_detectron2_1.0-stdout org.pytorch.serve.wlm.WorkerLifeCycle - Python runtime: 3.8.5
2020-08-30 19:55:49,862 [INFO ] W-9000-severstal_detectron2_1.0-stdout org.pytorch.serve.wlm.WorkerLifeCycle - Python runtime: 3.8.5
2020-08-30 19:55:49,861 [DEBUG] W-9003-severstal_detectron2_1.0 org.pytorch.serve.wlm.WorkerThread - W-9003-severstal_detectron2_1.0 State change null -> WORKER_STARTED
2020-08-30 19:55:49,862 [DEBUG] W-9001-severstal_detectron2_1.0 org.pytorch.serve.wlm.WorkerThread - W-9001-severstal_detectron2_1.0 State change null -> WORKER_STARTED
2020-08-30 19:55:49,862 [DEBUG] W-9000-severstal_detectron2_1.0 org.pytorch.serve.wlm.WorkerThread - W-9000-severstal_detectron2_1.0 State change null -> WORKER_STARTED
2020-08-30 19:55:49,886 [INFO ] W-9002-severstal_detectron2_1.0-stdout org.pytorch.serve.wlm.WorkerLifeCycle - [PID]4376
2020-08-30 19:55:49,887 [INFO ] W-9002-severstal_detectron2_1.0-stdout org.pytorch.serve.wlm.WorkerLifeCycle - Torch worker started.
2020-08-30 19:55:49,887 [DEBUG] W-9002-severstal_detectron2_1.0 org.pytorch.serve.wlm.WorkerThread - W-9002-severstal_detectron2_1.0 State change null -> WORKER_STARTED
2020-08-30 19:55:49,887 [INFO ] W-9002-severstal_detectron2_1.0-stdout org.pytorch.serve.wlm.WorkerLifeCycle - Python runtime: 3.8.5
2020-08-30 19:55:49,919 [INFO ] W-9002-severstal_detectron2_1.0 org.pytorch.serve.wlm.WorkerThread - Connecting to: /var/folders/8h/680yj1q931df8rc_jtqrzfzh0000gn/T//.ts.sock.9002
2020-08-30 19:55:49,919 [INFO ] W-9001-severstal_detectron2_1.0 org.pytorch.serve.wlm.WorkerThread - Connecting to: /var/folders/8h/680yj1q931df8rc_jtqrzfzh0000gn/T//.ts.sock.9001
2020-08-30 19:55:49,919 [INFO ] W-9000-severstal_detectron2_1.0 org.pytorch.serve.wlm.WorkerThread - Connecting to: /var/folders/8h/680yj1q931df8rc_jtqrzfzh0000gn/T//.ts.sock.9000
2020-08-30 19:55:49,919 [INFO ] W-9003-severstal_detectron2_1.0 org.pytorch.serve.wlm.WorkerThread - Connecting to: /var/folders/8h/680yj1q931df8rc_jtqrzfzh0000gn/T//.ts.sock.9003
2020-08-30 19:55:50,043 [INFO ] W-9002-severstal_detectron2_1.0-stdout org.pytorch.serve.wlm.WorkerLifeCycle - Connection accepted: /var/folders/8h/680yj1q931df8rc_jtqrzfzh0000gn/T//.ts.sock.9002.
2020-08-30 19:55:50,043 [INFO ] W-9001-severstal_detectron2_1.0-stdout org.pytorch.serve.wlm.WorkerLifeCycle - Connection accepted: /var/folders/8h/680yj1q931df8rc_jtqrzfzh0000gn/T//.ts.sock.9001.
2020-08-30 19:55:50,043 [INFO ] W-9003-severstal_detectron2_1.0-stdout org.pytorch.serve.wlm.WorkerLifeCycle - Connection accepted: /var/folders/8h/680yj1q931df8rc_jtqrzfzh0000gn/T//.ts.sock.9003.
2020-08-30 19:55:50,043 [INFO ] W-9000-severstal_detectron2_1.0-stdout org.pytorch.serve.wlm.WorkerLifeCycle - Connection accepted: /var/folders/8h/680yj1q931df8rc_jtqrzfzh0000gn/T//.ts.sock.9000.
2020-08-30 19:56:35,872 [INFO ] W-9002-severstal_detectron2_1.0-stdout org.pytorch.serve.wlm.WorkerLifeCycle - Starting model initialization...
2020-08-30 19:56:35,872 [INFO ] W-9002-severstal_detectron2_1.0-stdout org.pytorch.serve.wlm.WorkerLifeCycle - Loading checkpoint from detectron2_model.pth
2020-08-30 19:56:35,878 [INFO ] W-9003-severstal_detectron2_1.0-stdout org.pytorch.serve.wlm.WorkerLifeCycle - Starting model initialization...
2020-08-30 19:56:35,879 [INFO ] W-9003-severstal_detectron2_1.0-stdout org.pytorch.serve.wlm.WorkerLifeCycle - Loading checkpoint from detectron2_model.pth
2020-08-30 19:56:35,888 [INFO ] W-9001-severstal_detectron2_1.0-stdout org.pytorch.serve.wlm.WorkerLifeCycle - Starting model initialization...
2020-08-30 19:56:35,888 [INFO ] W-9001-severstal_detectron2_1.0-stdout org.pytorch.serve.wlm.WorkerLifeCycle - Loading checkpoint from detectron2_model.pth
2020-08-30 19:56:35,892 [INFO ] W-9000-severstal_detectron2_1.0-stdout org.pytorch.serve.wlm.WorkerLifeCycle - Starting model initialization...
2020-08-30 19:56:35,892 [INFO ] W-9000-severstal_detectron2_1.0-stdout org.pytorch.serve.wlm.WorkerLifeCycle - Loading checkpoint from detectron2_model.pth
2020-08-30 19:57:01,639 [INFO ] W-9001-severstal_detectron2_1.0 org.pytorch.serve.wlm.WorkerThread - Backend response time: 71488
2020-08-30 19:57:01,639 [INFO ] W-9002-severstal_detectron2_1.0 org.pytorch.serve.wlm.WorkerThread - Backend response time: 71488
2020-08-30 19:57:01,736 [INFO ] W-9003-severstal_detectron2_1.0 org.pytorch.serve.wlm.WorkerThread - Backend response time: 71488
2020-08-30 19:57:01,736 [INFO ] W-9000-severstal_detectron2_1.0 org.pytorch.serve.wlm.WorkerThread - Backend response time: 71488
2020-08-30 19:57:01,768 [DEBUG] W-9003-severstal_detectron2_1.0 org.pytorch.serve.wlm.WorkerThread - W-9003-severstal_detectron2_1.0 State change WORKER_STARTED -> WORKER_MODEL_LOADED
2020-08-30 19:57:01,768 [DEBUG] W-9001-severstal_detectron2_1.0 org.pytorch.serve.wlm.WorkerThread - W-9001-severstal_detectron2_1.0 State change WORKER_STARTED -> WORKER_MODEL_LOADED
2020-08-30 19:57:01,768 [DEBUG] W-9002-severstal_detectron2_1.0 org.pytorch.serve.wlm.WorkerThread - W-9002-severstal_detectron2_1.0 State change WORKER_STARTED -> WORKER_MODEL_LOADED
2020-08-30 19:57:01,768 [DEBUG] W-9000-severstal_detectron2_1.0 org.pytorch.serve.wlm.WorkerThread - W-9000-severstal_detectron2_1.0 State change WORKER_STARTED -> WORKER_MODEL_LOADED
2020-08-30 19:57:21,038 [INFO ] W-9003-severstal_detectron2_1.0 org.pytorch.serve.wlm.WorkerThread - Backend response time: 19146
2020-08-30 19:57:21,039 [INFO ] W-9003-severstal_detectron2_1.0-stdout org.pytorch.serve.wlm.WorkerLifeCycle - Model initialization done
2020-08-30 19:57:21,039 [INFO ] W-9003-severstal_detectron2_1.0-stdout org.pytorch.serve.wlm.WorkerLifeCycle - Starting handing...
2020-08-30 19:57:21,039 [INFO ] W-9003-severstal_detectron2_1.0-stdout org.pytorch.serve.wlm.WorkerLifeCycle - Starting raw input preprocessing...
2020-08-30 19:57:21,039 [INFO ] W-9003-severstal_detectron2_1.0-stdout org.pytorch.serve.wlm.WorkerLifeCycle - Raw input preprocessing done
2020-08-30 19:57:21,040 [INFO ] W-9003-severstal_detectron2_1.0-stdout org.pytorch.serve.wlm.WorkerLifeCycle - Starting model inference...
2020-08-30 19:57:21,040 [INFO ] W-9003-severstal_detectron2_1.0-stdout org.pytorch.serve.wlm.WorkerLifeCycle - Model inference done
2020-08-30 19:57:21,041 [INFO ] W-9003-severstal_detectron2_1.0-stdout org.pytorch.serve.wlm.WorkerLifeCycle - Starting model inference output postprocessing...
2020-08-30 19:57:21,041 [INFO ] W-9003-severstal_detectron2_1.0-stdout org.pytorch.serve.wlm.WorkerLifeCycle - Model inference output postprocessing done
2020-08-30 19:57:21,041 [INFO ] W-9003-severstal_detectron2_1.0-stdout org.pytorch.serve.wlm.WorkerLifeCycle - Handing done
2020-08-30 19:57:21,055 [DEBUG] W-9003-severstal_detectron2_1.0 org.pytorch.serve.wlm.Job - Waiting time ns: 38261989727, Backend time ns: 19236938643
2020-08-30 19:58:33,929 [INFO ] W-9001-severstal_detectron2_1.0 org.pytorch.serve.wlm.WorkerThread - Backend response time: 4832
2020-08-30 19:58:33,929 [INFO ] W-9001-severstal_detectron2_1.0-stdout org.pytorch.serve.wlm.WorkerLifeCycle - Model initialization done
2020-08-30 19:58:33,929 [INFO ] W-9001-severstal_detectron2_1.0-stdout org.pytorch.serve.wlm.WorkerLifeCycle - Starting handing...
2020-08-30 19:58:33,930 [INFO ] W-9001-severstal_detectron2_1.0-stdout org.pytorch.serve.wlm.WorkerLifeCycle - Starting raw input preprocessing...
2020-08-30 19:58:33,930 [INFO ] W-9001-severstal_detectron2_1.0-stdout org.pytorch.serve.wlm.WorkerLifeCycle - Raw input preprocessing done
2020-08-30 19:58:33,930 [INFO ] W-9001-severstal_detectron2_1.0-stdout org.pytorch.serve.wlm.WorkerLifeCycle - Starting model inference...
2020-08-30 19:58:33,930 [INFO ] W-9001-severstal_detectron2_1.0-stdout org.pytorch.serve.wlm.WorkerLifeCycle - Model inference done
2020-08-30 19:58:33,930 [INFO ] W-9001-severstal_detectron2_1.0-stdout org.pytorch.serve.wlm.WorkerLifeCycle - Starting model inference output postprocessing...
2020-08-30 19:58:33,931 [INFO ] W-9001-severstal_detectron2_1.0-stdout org.pytorch.serve.wlm.WorkerLifeCycle - Model inference output postprocessing done
2020-08-30 19:58:33,931 [INFO ] W-9001-severstal_detectron2_1.0-stdout org.pytorch.serve.wlm.WorkerLifeCycle - Handing done
2020-08-30 19:58:33,946 [DEBUG] W-9001-severstal_detectron2_1.0 org.pytorch.serve.wlm.Job - Waiting time ns: 135132, Backend time ns: 4850488604
2020-08-30 19:59:20,982 [INFO ] KQueueEventLoopGroup-2-1 org.pytorch.serve.ModelServer - Inference model server stopped.
2020-08-30 19:59:20,982 [INFO ] KQueueEventLoopGroup-2-2 org.pytorch.serve.ModelServer - Management model server stopped.
2020-08-30 19:59:20,983 [INFO ] KQueueEventLoopGroup-2-1 org.pytorch.serve.ModelServer - Metrics model server stopped.
2020-08-30 19:59:23,011 [INFO ] main org.pytorch.serve.ModelServer - Torchserve stopped.
