2020-08-30 19:55:49,719 - CPUUtilization.Percent:0.0|#Level:Host|#hostname:godel.lan,timestamp:1598810149
2020-08-30 19:55:49,735 - DiskAvailable.Gigabytes:320.72132110595703|#Level:Host|#hostname:godel.lan,timestamp:1598810149
2020-08-30 19:55:49,735 - DiskUsage.Gigabytes:9.985336303710938|#Level:Host|#hostname:godel.lan,timestamp:1598810149
2020-08-30 19:55:49,736 - DiskUtilization.Percent:3.0|#Level:Host|#hostname:godel.lan,timestamp:1598810149
2020-08-30 19:55:49,736 - MemoryAvailable.Megabytes:2642.53125|#Level:Host|#hostname:godel.lan,timestamp:1598810149
2020-08-30 19:55:49,736 - MemoryUsed.Megabytes:1348.6640625|#Level:Host|#hostname:godel.lan,timestamp:1598810149
2020-08-30 19:55:49,737 - MemoryUtilization.Percent:35.5|#Level:Host|#hostname:godel.lan,timestamp:1598810149
2020-08-30 19:56:12,077 - Requests2XX.Count:1|#Level:Host|#hostname:godel.lan,timestamp:null
2020-08-30 19:57:01,769 - W-9003-severstal_detectron2_1.0.ms:73503|#Level:Host|#hostname:godel.lan,timestamp:1598810221
2020-08-30 19:57:01,769 - W-9001-severstal_detectron2_1.0.ms:73504|#Level:Host|#hostname:godel.lan,timestamp:1598810221
2020-08-30 19:57:01,769 - W-9000-severstal_detectron2_1.0.ms:73546|#Level:Host|#hostname:godel.lan,timestamp:1598810221
2020-08-30 19:57:01,769 - W-9002-severstal_detectron2_1.0.ms:73503|#Level:Host|#hostname:godel.lan,timestamp:1598810221
2020-08-30 19:57:05,868 - CPUUtilization.Percent:0.0|#Level:Host|#hostname:godel.lan,timestamp:1598810225
2020-08-30 19:57:05,869 - DiskAvailable.Gigabytes:320.72116470336914|#Level:Host|#hostname:godel.lan,timestamp:1598810225
2020-08-30 19:57:05,870 - DiskUsage.Gigabytes:9.985336303710938|#Level:Host|#hostname:godel.lan,timestamp:1598810225
2020-08-30 19:57:05,870 - DiskUtilization.Percent:3.0|#Level:Host|#hostname:godel.lan,timestamp:1598810225
2020-08-30 19:57:05,870 - MemoryAvailable.Megabytes:2334.24609375|#Level:Host|#hostname:godel.lan,timestamp:1598810225
2020-08-30 19:57:05,871 - MemoryUsed.Megabytes:1480.13671875|#Level:Host|#hostname:godel.lan,timestamp:1598810225
2020-08-30 19:57:05,871 - MemoryUtilization.Percent:43.0|#Level:Host|#hostname:godel.lan,timestamp:1598810225
2020-08-30 19:57:21,055 - Requests2XX.Count:1|#Level:Host|#hostname:godel.lan,timestamp:null
2020-08-30 19:57:50,807 - CPUUtilization.Percent:0.0|#Level:Host|#hostname:godel.lan,timestamp:1598810270
2020-08-30 19:57:50,807 - DiskAvailable.Gigabytes:320.7248840332031|#Level:Host|#hostname:godel.lan,timestamp:1598810270
2020-08-30 19:57:50,807 - DiskUsage.Gigabytes:9.985336303710938|#Level:Host|#hostname:godel.lan,timestamp:1598810270
2020-08-30 19:57:50,807 - DiskUtilization.Percent:3.0|#Level:Host|#hostname:godel.lan,timestamp:1598810270
2020-08-30 19:57:50,808 - MemoryAvailable.Megabytes:2097.32421875|#Level:Host|#hostname:godel.lan,timestamp:1598810270
2020-08-30 19:57:50,808 - MemoryUsed.Megabytes:1706.46875|#Level:Host|#hostname:godel.lan,timestamp:1598810270
2020-08-30 19:57:50,808 - MemoryUtilization.Percent:48.8|#Level:Host|#hostname:godel.lan,timestamp:1598810270
2020-08-30 19:58:33,930 - Requests2XX.Count:1|#Level:Host|#hostname:godel.lan,timestamp:null
2020-08-30 19:58:49,597 - CPUUtilization.Percent:0.0|#Level:Host|#hostname:godel.lan,timestamp:1598810329
2020-08-30 19:58:49,645 - DiskAvailable.Gigabytes:320.7242622375488|#Level:Host|#hostname:godel.lan,timestamp:1598810329
2020-08-30 19:58:49,646 - DiskUsage.Gigabytes:9.985336303710938|#Level:Host|#hostname:godel.lan,timestamp:1598810329
2020-08-30 19:58:49,646 - DiskUtilization.Percent:3.0|#Level:Host|#hostname:godel.lan,timestamp:1598810329
2020-08-30 19:58:49,646 - MemoryAvailable.Megabytes:1838.4453125|#Level:Host|#hostname:godel.lan,timestamp:1598810329
2020-08-30 19:58:49,646 - MemoryUsed.Megabytes:1958.6796875|#Level:Host|#hostname:godel.lan,timestamp:1598810329
2020-08-30 19:58:49,647 - MemoryUtilization.Percent:55.1|#Level:Host|#hostname:godel.lan,timestamp:1598810329
